[0.008s] Invoking command in '/home/aliare/livox_ros2_ws/build/livox_sdk_vendor': CMAKE_PREFIX_PATH=/opt/ros/humble /usr/bin/cmake /home/aliare/livox_ros2_ws/src/livox_ros2_driver/livox_sdk_vendor -DAMENT_CMAKE_SYMLINK_INSTALL=1 -DCMAKE_INSTALL_PREFIX=/home/aliare/livox_ros2_ws/install/livox_sdk_vendor
[0.038s] -- The C compiler identification is GNU 11.4.0
[0.073s] -- The CXX compiler identification is GNU 11.4.0
[0.077s] -- Detecting C compiler ABI info
[0.119s] -- Detecting C compiler ABI info - done
[0.123s] -- Check for working C compiler: /usr/bin/cc - skipped
[0.123s] -- Detecting C compile features
[0.124s] -- Detecting C compile features - done
[0.125s] -- Detecting CXX compiler ABI info
[0.174s] -- Detecting CXX compiler ABI info - done
[0.179s] -- Check for working CXX compiler: /usr/bin/c++ - skipped
[0.179s] -- Detecting CXX compile features
[0.179s] -- Detecting CXX compile features - done
[0.180s] -- Found ament_cmake: 1.3.11 (/opt/ros/humble/share/ament_cmake/cmake)
[0.275s] -- Found Python3: /usr/bin/python3 (found version "3.10.12") found components: Interpreter 
[0.316s] -- Override CMake install command with custom implementation using symlinks instead of copying resources
[0.386s] -- Configuring done
[0.388s] -- Generating done
[0.389s] -- Build files have been written to: /home/aliare/livox_ros2_ws/build/livox_sdk_vendor
[0.395s] Invoked command in '/home/aliare/livox_ros2_ws/build/livox_sdk_vendor' returned '0': CMAKE_PREFIX_PATH=/opt/ros/humble /usr/bin/cmake /home/aliare/livox_ros2_ws/src/livox_ros2_driver/livox_sdk_vendor -DAMENT_CMAKE_SYMLINK_INSTALL=1 -DCMAKE_INSTALL_PREFIX=/home/aliare/livox_ros2_ws/install/livox_sdk_vendor
[0.395s] Invoking command in '/home/aliare/livox_ros2_ws/build/livox_sdk_vendor': CMAKE_PREFIX_PATH=/opt/ros/humble /usr/bin/cmake --build /home/aliare/livox_ros2_ws/build/livox_sdk_vendor -- -j16 -l16
[0.424s] [ 12%] [34m[1mCreating directories for 'livox-sdk-v2.3.1'[0m
[0.467s] [ 25%] [34m[1mPerforming download step (git clone) for 'livox-sdk-v2.3.1'[0m
[0.479s] Cloning into 'livox-sdk-v2.3.1'...
[6.244s] HEAD is now at 14c533d fix ROS2 Humble build error
[6.389s] [ 37%] [34m[1mPerforming update step for 'livox-sdk-v2.3.1'[0m
[6.444s] [ 50%] [34m[1mNo patch step for 'livox-sdk-v2.3.1'[0m
[6.507s] [ 62%] [34m[1mPerforming configure step for 'livox-sdk-v2.3.1'[0m
[6.641s] -- The C compiler identification is GNU 11.4.0
[6.762s] -- The CXX compiler identification is GNU 11.4.0
[6.776s] -- Detecting C compiler ABI info
[6.929s] -- Detecting C compiler ABI info - done
[6.946s] -- Check for working C compiler: /usr/bin/cc - skipped
[6.951s] -- Detecting C compile features
[6.951s] -- Detecting C compile features - done
[6.959s] -- Detecting CXX compiler ABI info
[7.125s] -- Detecting CXX compiler ABI info - done
[7.136s] -- Check for working CXX compiler: /usr/bin/c++ - skipped
[7.136s] -- Detecting CXX compile features
[7.137s] -- Detecting CXX compile features - done
[7.140s] -- main project dir: /home/aliare/livox_ros2_ws/build/livox_sdk_vendor/livox-sdk-v2.3.1-prefix/src/livox-sdk-v2.3.1
[7.145s] -- Configuring done
[7.173s] -- Generating done
[7.174s] -- Build files have been written to: /home/aliare/livox_ros2_ws/build/livox_sdk_vendor/livox-sdk-v2.3.1-prefix/src/livox-sdk-v2.3.1-build
[7.207s] [ 75%] [34m[1mPerforming build step for 'livox-sdk-v2.3.1'[0m
[7.305s] [  2%] [32mBuilding CXX object sdk_core/CMakeFiles/livox_sdk_static.dir/src/third_party/FastCRC/FastCRCsw.cpp.o[0m
[7.305s] [  4%] [32mBuilding CXX object sdk_core/CMakeFiles/livox_sdk_static.dir/src/base/thread_base.cpp.o[0m
[7.311s] [  6%] [32mBuilding CXX object sdk_core/CMakeFiles/livox_sdk_static.dir/src/base/io_loop.cpp.o[0m
[7.312s] [ 12%] [32mBuilding CXX object sdk_core/CMakeFiles/livox_sdk_static.dir/src/base/logging.cpp.o[0m
[7.312s] [ 12%] [32mBuilding CXX object sdk_core/CMakeFiles/livox_sdk_static.dir/src/base/network/unix/network_util.cpp.o[0m
[7.312s] [  8%] [32mBuilding CXX object sdk_core/CMakeFiles/livox_sdk_static.dir/src/base/io_thread.cpp.o[0m
[7.313s] [ 14%] [32mBuilding CXX object sdk_core/CMakeFiles/livox_sdk_static.dir/src/livox_sdk.cpp.o[0m
[7.323s] [ 16%] [32mBuilding CXX object sdk_core/CMakeFiles/livox_sdk_static.dir/src/device_discovery.cpp.o[0m
[7.332s] [ 18%] [32mBuilding CXX object sdk_core/CMakeFiles/livox_sdk_static.dir/src/device_manager.cpp.o[0m
[7.351s] [ 20%] [32mBuilding CXX object sdk_core/CMakeFiles/livox_sdk_static.dir/src/comm/comm_port.cpp.o[0m
[7.357s] [ 22%] [32mBuilding CXX object sdk_core/CMakeFiles/livox_sdk_static.dir/src/comm/sdk_protocol.cpp.o[0m
[7.364s] [ 25%] [32mBuilding CXX object sdk_core/CMakeFiles/livox_sdk_static.dir/src/data_handler/data_handler.cpp.o[0m
[7.367s] [ 27%] [32mBuilding CXX object sdk_core/CMakeFiles/livox_sdk_static.dir/src/data_handler/lidar_data_handler.cpp.o[0m
[7.370s] [ 29%] [32mBuilding CXX object sdk_core/CMakeFiles/livox_sdk_static.dir/src/command_handler/command_channel.cpp.o[0m
[7.374s] [ 31%] [32mBuilding CXX object sdk_core/CMakeFiles/livox_sdk_static.dir/src/data_handler/hub_data_handler.cpp.o[0m
[7.377s] [ 33%] [32mBuilding CXX object sdk_core/CMakeFiles/livox_sdk_static.dir/src/command_handler/command_handler.cpp.o[0m
[7.419s] [ 35%] [32mBuilding CXX object sdk_core/CMakeFiles/livox_sdk_static.dir/src/command_handler/hub_command_handler.cpp.o[0m
[7.455s] [ 37%] [32mBuilding CXX object sdk_core/CMakeFiles/livox_sdk_static.dir/src/command_handler/lidar_command_handler.cpp.o[0m
[7.701s] [ 39%] [32mBuilding CXX object sdk_core/CMakeFiles/livox_sdk_static.dir/src/command_handler/command_impl.cpp.o[0m
[7.751s] [ 41%] [32mBuilding CXX object sdk_core/CMakeFiles/livox_sdk_static.dir/src/base/multiple_io/multiple_io_base.cpp.o[0m
[7.827s] [ 43%] [32mBuilding CXX object sdk_core/CMakeFiles/livox_sdk_static.dir/src/base/multiple_io/multiple_io_epoll.cpp.o[0m
[8.194s] [ 45%] [32mBuilding CXX object sdk_core/CMakeFiles/livox_sdk_static.dir/src/base/multiple_io/multiple_io_poll.cpp.o[0m
[8.248s] [ 47%] [32mBuilding CXX object sdk_core/CMakeFiles/livox_sdk_static.dir/src/base/multiple_io/multiple_io_select.cpp.o[0m
[8.434s] [ 50%] [32mBuilding CXX object sdk_core/CMakeFiles/livox_sdk_static.dir/src/base/multiple_io/multiple_io_kqueue.cpp.o[0m
[8.444s] [ 52%] [32mBuilding CXX object sdk_core/CMakeFiles/livox_sdk_static.dir/src/base/wake_up/unix/wake_up_pipe.cpp.o[0m
[14.584s] [ 54%] [32m[1mLinking CXX static library liblivox_sdk_static.a[0m
[14.929s] [ 54%] Built target livox_sdk_static
[14.992s] [ 56%] [32mBuilding CXX object sample/hub_lvx_file/CMakeFiles/hub_lvx_sample.dir/main.cpp.o[0m
[14.992s] [ 58%] [32mBuilding CXX object sample/hub_lvx_file/CMakeFiles/hub_lvx_sample.dir/lvx_file.cpp.o[0m
[14.993s] [ 60%] [32mBuilding C object sample/hub/CMakeFiles/hub_sample.dir/main.c.o[0m
[14.994s] [ 62%] [32mBuilding C object sample/lidar/CMakeFiles/lidar_sample.dir/main.c.o[0m
[14.997s] [ 64%] [32mBuilding CXX object sample/lidar_lvx_file/CMakeFiles/lidar_lvx_sample.dir/main.cpp.o[0m
[14.999s] [ 66%] [32mBuilding CXX object sample_cc/lidar_utc_sync/CMakeFiles/lidar_utc_sync.dir/main.cpp.o[0m
[15.000s] [ 68%] [32mBuilding CXX object sample_cc/trouble_shooting/CMakeFiles/trouble_shooting.dir/main.cpp.o[0m
[15.001s] [ 70%] [32mBuilding CXX object sample/lidar_lvx_file/CMakeFiles/lidar_lvx_sample.dir/lvx_file.cpp.o[0m
[15.006s] [ 72%] [32mBuilding CXX object sample_cc/lidar_utc_sync/CMakeFiles/lidar_utc_sync.dir/lds_lidar.cpp.o[0m
[15.017s] [ 75%] [32mBuilding CXX object sample_cc/lidar/CMakeFiles/lidar_sample_cc.dir/lds_lidar.cpp.o[0m
[15.017s] [ 77%] [32mBuilding CXX object sample_cc/lidar_utc_sync/CMakeFiles/lidar_utc_sync.dir/synchro.cpp.o[0m
[15.018s] [ 79%] [32mBuilding CXX object sample_cc/lidar/CMakeFiles/lidar_sample_cc.dir/main.cpp.o[0m
[15.029s] [ 81%] [32mBuilding CXX object sample_cc/hub/CMakeFiles/hub_sample_cc.dir/main.cpp.o[0m
[15.030s] [ 83%] [32mBuilding CXX object sample_cc/hub/CMakeFiles/hub_sample_cc.dir/lds_hub.cpp.o[0m
[15.164s] [ 85%] [32m[1mLinking CXX executable lidar_sample[0m
[15.195s] [ 87%] [32m[1mLinking CXX executable hub_sample[0m
[15.660s] [ 89%] [32m[1mLinking CXX executable trouble_shooting[0m
[16.411s] [ 89%] Built target trouble_shooting
[16.637s] [ 89%] Built target lidar_sample
[16.735s] [ 89%] Built target hub_sample
[16.994s] [ 91%] [32m[1mLinking CXX executable hub_sample_cc[0m
[17.188s] [ 93%] [32m[1mLinking CXX executable lidar_utc_sync[0m
[17.406s] [ 95%] [32m[1mLinking CXX executable lidar_sample_cc[0m
[17.603s] [ 97%] [32m[1mLinking CXX executable lidar_lvx_sample[0m
[17.743s] [ 97%] Built target hub_sample_cc
[17.834s] [100%] [32m[1mLinking CXX executable hub_lvx_sample[0m
[18.290s] [100%] Built target lidar_utc_sync
[18.453s] [100%] Built target lidar_sample_cc
[18.625s] [100%] Built target lidar_lvx_sample
[18.655s] [100%] Built target hub_lvx_sample
[18.744s] [ 87%] [34m[1mPerforming install step for 'livox-sdk-v2.3.1'[0m
[18.853s] [35m[1mConsolidate compiler generated dependencies of target livox_sdk_static[0m
[18.937s] [ 54%] Built target livox_sdk_static
[18.968s] [35m[1mConsolidate compiler generated dependencies of target hub_sample[0m
[18.969s] [35m[1mConsolidate compiler generated dependencies of target lidar_sample[0m
[18.976s] [35m[1mConsolidate compiler generated dependencies of target lidar_sample_cc[0m
[18.981s] [35m[1mConsolidate compiler generated dependencies of target trouble_shooting[0m
[18.991s] [35m[1mConsolidate compiler generated dependencies of target lidar_lvx_sample[0m
[18.992s] [35m[1mConsolidate compiler generated dependencies of target hub_sample_cc[0m
[18.992s] [35m[1mConsolidate compiler generated dependencies of target hub_lvx_sample[0m
[19.003s] [35m[1mConsolidate compiler generated dependencies of target lidar_utc_sync[0m
[19.007s] [ 60%] Built target hub_sample
[19.007s] [ 62%] Built target lidar_sample
[19.032s] [ 68%] Built target lidar_sample_cc
[19.034s] [ 81%] Built target hub_lvx_sample
[19.034s] [ 81%] Built target hub_sample_cc
[19.041s] [ 85%] Built target trouble_shooting
[19.045s] [ 91%] Built target lidar_lvx_sample
[19.051s] [100%] Built target lidar_utc_sync
[19.107s] [36mInstall the project...[0m
[19.131s] -- Install configuration: ""
[19.132s] -- Installing: /home/aliare/livox_ros2_ws/build/livox_sdk_vendor/livox-sdk_install/lib/liblivox_sdk_static.a
[19.156s] -- Installing: /home/aliare/livox_ros2_ws/build/livox_sdk_vendor/livox-sdk_install/include/livox_def.h
[19.156s] -- Installing: /home/aliare/livox_ros2_ws/build/livox_sdk_vendor/livox-sdk_install/include/livox_sdk.h
[19.214s] [100%] [34m[1mCompleted 'livox-sdk-v2.3.1'[0m
[19.317s] [100%] Built target livox-sdk-v2.3.1
[19.352s] Invoked command in '/home/aliare/livox_ros2_ws/build/livox_sdk_vendor' returned '0': CMAKE_PREFIX_PATH=/opt/ros/humble /usr/bin/cmake --build /home/aliare/livox_ros2_ws/build/livox_sdk_vendor -- -j16 -l16
[19.354s] Invoking command in '/home/aliare/livox_ros2_ws/build/livox_sdk_vendor': CMAKE_PREFIX_PATH=/opt/ros/humble /usr/bin/cmake --install /home/aliare/livox_ros2_ws/build/livox_sdk_vendor
[19.378s] -- Install configuration: ""
[19.379s] -- Execute custom install script
[19.379s] -- Symlinking: /home/aliare/livox_ros2_ws/install/livox_sdk_vendor/include/livox_def.h
[19.408s] -- Symlinking: /home/aliare/livox_ros2_ws/install/livox_sdk_vendor/include/livox_sdk.h
[19.435s] -- Symlinking: /home/aliare/livox_ros2_ws/install/livox_sdk_vendor/lib/liblivox_sdk_static.a
[19.463s] -- Symlinking: /home/aliare/livox_ros2_ws/install/livox_sdk_vendor/share/livox_sdk_vendor/cmake/Modules/Findlivox_sdk.cmake
[19.490s] -- Symlinking: /home/aliare/livox_ros2_ws/install/livox_sdk_vendor/share/ament_index/resource_index/package_run_dependencies/livox_sdk_vendor
[19.519s] -- Symlinking: /home/aliare/livox_ros2_ws/install/livox_sdk_vendor/share/ament_index/resource_index/parent_prefix_path/livox_sdk_vendor
[19.546s] -- Symlinking: /home/aliare/livox_ros2_ws/install/livox_sdk_vendor/share/livox_sdk_vendor/environment/ament_prefix_path.sh
[19.574s] -- Symlinking: /home/aliare/livox_ros2_ws/install/livox_sdk_vendor/share/livox_sdk_vendor/environment/ament_prefix_path.dsv
[19.601s] -- Symlinking: /home/aliare/livox_ros2_ws/install/livox_sdk_vendor/share/livox_sdk_vendor/environment/path.sh
[19.630s] -- Symlinking: /home/aliare/livox_ros2_ws/install/livox_sdk_vendor/share/livox_sdk_vendor/environment/path.dsv
[19.657s] -- Symlinking: /home/aliare/livox_ros2_ws/install/livox_sdk_vendor/share/livox_sdk_vendor/local_setup.bash
[19.683s] -- Symlinking: /home/aliare/livox_ros2_ws/install/livox_sdk_vendor/share/livox_sdk_vendor/local_setup.sh
[19.714s] -- Symlinking: /home/aliare/livox_ros2_ws/install/livox_sdk_vendor/share/livox_sdk_vendor/local_setup.zsh
[19.733s] -- Symlinking: /home/aliare/livox_ros2_ws/install/livox_sdk_vendor/share/livox_sdk_vendor/local_setup.dsv
[19.760s] -- Symlinking: /home/aliare/livox_ros2_ws/install/livox_sdk_vendor/share/livox_sdk_vendor/package.dsv
[19.790s] -- Symlinking: /home/aliare/livox_ros2_ws/install/livox_sdk_vendor/share/ament_index/resource_index/packages/livox_sdk_vendor
[19.819s] -- Symlinking: /home/aliare/livox_ros2_ws/install/livox_sdk_vendor/share/livox_sdk_vendor/cmake/livox_sdk_vendor-extras.cmake
[19.850s] -- Symlinking: /home/aliare/livox_ros2_ws/install/livox_sdk_vendor/share/livox_sdk_vendor/cmake/livox_sdk_vendorConfig.cmake
[19.867s] -- Symlinking: /home/aliare/livox_ros2_ws/install/livox_sdk_vendor/share/livox_sdk_vendor/cmake/livox_sdk_vendorConfig-version.cmake
[19.892s] -- Symlinking: /home/aliare/livox_ros2_ws/install/livox_sdk_vendor/share/livox_sdk_vendor/package.xml
[19.929s] Invoked command in '/home/aliare/livox_ros2_ws/build/livox_sdk_vendor' returned '0': CMAKE_PREFIX_PATH=/opt/ros/humble /usr/bin/cmake --install /home/aliare/livox_ros2_ws/build/livox_sdk_vendor
