[0.006s] Invoking command in '/home/aliare/livox_ros2_ws/build/imu_tools': /usr/bin/cmake /home/aliare/livox_ros2_ws/src/imu_tools/imu_tools -DCATKIN_INSTALL_INTO_PREFIX_ROOT=0 -DCMAKE_INSTALL_PREFIX=/home/aliare/livox_ros2_ws/install/imu_tools
[0.036s] -- The C compiler identification is GNU 11.4.0
[0.066s] -- The CXX compiler identification is GNU 11.4.0
[0.070s] -- Detecting C compiler ABI info
[0.107s] -- Detecting C compiler ABI info - done
[0.112s] -- Check for working C compiler: /usr/bin/cc - skipped
[0.112s] -- Detecting C compile features
[0.112s] -- Detecting C compile features - done
[0.114s] -- Detecting CXX compiler ABI info
[0.158s] -- Detecting CXX compiler ABI info - done
[0.163s] -- Check for working CXX compiler: /usr/bin/c++ - skipped
[0.163s] -- Detecting CXX compile features
[0.163s] -- Detecting CXX compile features - done
[0.169s] [31mCMake Error at CMakeLists.txt:3 (find_package):
[0.169s]   By not providing "Findcatkin.cmake" in CMAKE_MODULE_PATH this project has
[0.169s]   asked CMake to find a package configuration file provided by "catkin", but
[0.169s]   CMake did not find one.
[0.169s] 
[0.169s]   Could not find a package configuration file provided by "catkin" with any
[0.169s]   of the following names:
[0.169s] 
[0.169s]     catkinConfig.cmake
[0.169s]     catkin-config.cmake
[0.169s] 
[0.169s]   Add the installation prefix of "catkin" to CMAKE_PREFIX_PATH or set
[0.169s]   "catkin_DIR" to a directory containing one of the above files.  If "catkin"
[0.170s]   provides a separate development package or SDK, be sure it has been
[0.170s]   installed.
[0.170s] 
[0.170s] [0m
[0.170s] -- Configuring incomplete, errors occurred!
[0.170s] See also "/home/aliare/livox_ros2_ws/build/imu_tools/CMakeFiles/CMakeOutput.log".
[0.171s] Invoked command in '/home/aliare/livox_ros2_ws/build/imu_tools' returned '1': /usr/bin/cmake /home/aliare/livox_ros2_ws/src/imu_tools/imu_tools -DCATKIN_INSTALL_INTO_PREFIX_ROOT=0 -DCMAKE_INSTALL_PREFIX=/home/aliare/livox_ros2_ws/install/imu_tools
